INFO:     Will watch for changes in these directories: ['C:\\Desktop\\ą®Ľ­\\AI_GUNWOO\\vscode\\.worktrees\\fridgeai-mvp\\hw\\hw.week 6 (Áß°Ł)\\backend']
INFO:     Uvicorn running on http://127.0.0.1:8001 (Press CTRL+C to quit)
INFO:     Started reloader process [37572] using WatchFiles
INFO:     Started server process [24044]
INFO:     Waiting for application startup.
INFO:     Application startup complete.
INFO:     127.0.0.1:55664 - "GET /auth/me HTTP/1.1" 401 Unauthorized
INFO:     127.0.0.1:55666 - "GET /auth/me HTTP/1.1" 401 Unauthorized
INFO:     127.0.0.1:55668 - "GET /auth/me HTTP/1.1" 401 Unauthorized
INFO:     127.0.0.1:55670 - "GET /auth/me HTTP/1.1" 401 Unauthorized
INFO:     127.0.0.1:56087 - "GET /auth/google/login HTTP/1.1" 200 OK
2026-04-27 17:54:07,001 INFO sqlalchemy.engine.Engine select pg_catalog.version()
2026-04-27 17:54:07,001 INFO sqlalchemy.engine.Engine [raw sql] ()
2026-04-27 17:54:07,059 INFO sqlalchemy.engine.Engine select current_schema()
2026-04-27 17:54:07,059 INFO sqlalchemy.engine.Engine [raw sql] ()
2026-04-27 17:54:07,118 INFO sqlalchemy.engine.Engine show standard_conforming_strings
2026-04-27 17:54:07,118 INFO sqlalchemy.engine.Engine [raw sql] ()
2026-04-27 17:54:07,159 INFO sqlalchemy.engine.Engine BEGIN (implicit)
2026-04-27 17:54:07,192 INFO sqlalchemy.engine.Engine SELECT users.id, users.email, users.google_id, users.display_name, users.avatar_url, users.created_at, users.updated_at 
FROM users 
WHERE users.google_id = $1::VARCHAR
2026-04-27 17:54:07,192 INFO sqlalchemy.engine.Engine [generated in 0.00044s] ('108368345226664208647',)
2026-04-27 17:54:07,433 INFO sqlalchemy.engine.Engine INSERT INTO refresh_tokens (id, user_id, token_hash, expires_at, created_at, revoked) VALUES ($1::UUID, $2::UUID, $3::VARCHAR, $4::TIMESTAMP WITH TIME ZONE, $5::TIMESTAMP WITH TIME ZONE, $6::BOOLEAN)
2026-04-27 17:54:07,433 INFO sqlalchemy.engine.Engine [generated in 0.00063s] (UUID('62e60f3e-ad0d-4a68-9650-632e405f2f3a'), UUID('dbdf4490-5402-4188-8bf5-20183b4a28a1'), '4d9d513165bc23ca3e2ec02c94fe56ce1367f95a968fb6725de0e9a428e24005', datetime.datetime(2026, 5, 27, 8, 54, 7, 425296, tzinfo=datetime.timezone.utc), datetime.datetime(2026, 4, 27, 8, 54, 7, 433995, tzinfo=datetime.timezone.utc), False)
2026-04-27 17:54:07,472 INFO sqlalchemy.engine.Engine COMMIT
INFO:     127.0.0.1:56410 - "GET /auth/google/callback?iss=https%3A%2F%2Faccounts.google.com&code=4%2F0AeoWuM88n3r0W6XY6nMtBsa40OwNFin3piUd_0q4t97lT4yyJHSoQb4cg9m-ePkEJepfTA&scope=email+profile+https%3A%2F%2Fwww.googleapis.com%2Fauth%2Fuserinfo.email+openid+https%3A%2F%2Fwww.googleapis.com%2Fauth%2Fuserinfo.profile&authuser=0&prompt=none HTTP/1.1" 302 Found
2026-04-27 17:54:07,836 INFO sqlalchemy.engine.Engine BEGIN (implicit)
2026-04-27 17:54:07,836 INFO sqlalchemy.engine.Engine SELECT users.id, users.email, users.google_id, users.display_name, users.avatar_url, users.created_at, users.updated_at 
FROM users 
WHERE users.id = $1::UUID
2026-04-27 17:54:07,836 INFO sqlalchemy.engine.Engine [generated in 0.00029s] ('dbdf4490-5402-4188-8bf5-20183b4a28a1',)
2026-04-27 17:54:07,887 INFO sqlalchemy.engine.Engine ROLLBACK
INFO:     127.0.0.1:60699 - "GET /auth/me HTTP/1.1" 200 OK
2026-04-27 17:54:07,911 INFO sqlalchemy.engine.Engine BEGIN (implicit)
2026-04-27 17:54:07,911 INFO sqlalchemy.engine.Engine SELECT users.id, users.email, users.google_id, users.display_name, users.avatar_url, users.created_at, users.updated_at 
FROM users 
WHERE users.id = $1::UUID
2026-04-27 17:54:07,911 INFO sqlalchemy.engine.Engine [cached since 0.06871s ago] ('dbdf4490-5402-4188-8bf5-20183b4a28a1',)
2026-04-27 17:54:07,936 INFO sqlalchemy.engine.Engine ROLLBACK
INFO:     127.0.0.1:60701 - "GET /auth/me HTTP/1.1" 200 OK
2026-04-27 17:54:08,183 INFO sqlalchemy.engine.Engine BEGIN (implicit)
2026-04-27 17:54:08,183 INFO sqlalchemy.engine.Engine SELECT users.id, users.email, users.google_id, users.display_name, users.avatar_url, users.created_at, users.updated_at 
FROM users 
WHERE users.id = $1::UUID
2026-04-27 17:54:08,183 INFO sqlalchemy.engine.Engine [cached since 0.3402s ago] ('dbdf4490-5402-4188-8bf5-20183b4a28a1',)
2026-04-27 17:54:08,252 INFO sqlalchemy.engine.Engine SELECT subscriptions.id, subscriptions.user_id, subscriptions.polar_subscription_id, subscriptions.polar_customer_id, subscriptions.status, subscriptions.plan_type, subscriptions.current_period_start, subscriptions.current_period_end, subscriptions.canceled_at, subscriptions.created_at, subscriptions.updated_at 
FROM subscriptions 
WHERE subscriptions.user_id = $1::UUID AND subscriptions.status = $2::VARCHAR AND subscriptions.plan_type = $3::VARCHAR
2026-04-27 17:54:08,252 INFO sqlalchemy.engine.Engine [generated in 0.00039s] ('dbdf4490-5402-4188-8bf5-20183b4a28a1', 'active', 'premium')
2026-04-27 17:54:08,289 INFO sqlalchemy.engine.Engine SELECT monthly_usage.id, monthly_usage.user_id, monthly_usage.year_month, monthly_usage.feature, monthly_usage.usage_count, monthly_usage.limit_count, monthly_usage.created_at, monthly_usage.updated_at 
FROM monthly_usage 
WHERE monthly_usage.user_id = $1::UUID AND monthly_usage.year_month = $2::VARCHAR AND monthly_usage.feature = $3::VARCHAR
2026-04-27 17:54:08,289 INFO sqlalchemy.engine.Engine [generated in 0.00077s] ('dbdf4490-5402-4188-8bf5-20183b4a28a1', '2026-04', 'analysis')
2026-04-27 17:54:08,324 INFO sqlalchemy.engine.Engine SELECT monthly_usage.id, monthly_usage.user_id, monthly_usage.year_month, monthly_usage.feature, monthly_usage.usage_count, monthly_usage.limit_count, monthly_usage.created_at, monthly_usage.updated_at 
FROM monthly_usage 
WHERE monthly_usage.user_id = $1::UUID AND monthly_usage.year_month = $2::VARCHAR AND monthly_usage.feature = $3::VARCHAR
2026-04-27 17:54:08,326 INFO sqlalchemy.engine.Engine [cached since 0.03543s ago] ('dbdf4490-5402-4188-8bf5-20183b4a28a1', '2026-04', 'recipe')
2026-04-27 17:54:08,338 INFO sqlalchemy.engine.Engine ROLLBACK
INFO:     127.0.0.1:60703 - "GET /api/v1/quota/status HTTP/1.1" 200 OK
2026-04-27 17:54:08,370 INFO sqlalchemy.engine.Engine BEGIN (implicit)
2026-04-27 17:54:08,370 INFO sqlalchemy.engine.Engine SELECT users.id, users.email, users.google_id, users.display_name, users.avatar_url, users.created_at, users.updated_at 
FROM users 
WHERE users.id = $1::UUID
2026-04-27 17:54:08,370 INFO sqlalchemy.engine.Engine [cached since 0.5281s ago] ('dbdf4490-5402-4188-8bf5-20183b4a28a1',)
2026-04-27 17:54:08,400 INFO sqlalchemy.engine.Engine SELECT subscriptions.id, subscriptions.user_id, subscriptions.polar_subscription_id, subscriptions.polar_customer_id, subscriptions.status, subscriptions.plan_type, subscriptions.current_period_start, subscriptions.current_period_end, subscriptions.canceled_at, subscriptions.created_at, subscriptions.updated_at 
FROM subscriptions 
WHERE subscriptions.user_id = $1::UUID AND subscriptions.status = $2::VARCHAR AND subscriptions.plan_type = $3::VARCHAR
2026-04-27 17:54:08,400 INFO sqlalchemy.engine.Engine [cached since 0.1472s ago] ('dbdf4490-5402-4188-8bf5-20183b4a28a1', 'active', 'premium')
2026-04-27 17:54:08,425 INFO sqlalchemy.engine.Engine SELECT monthly_usage.id, monthly_usage.user_id, monthly_usage.year_month, monthly_usage.feature, monthly_usage.usage_count, monthly_usage.limit_count, monthly_usage.created_at, monthly_usage.updated_at 
FROM monthly_usage 
WHERE monthly_usage.user_id = $1::UUID AND monthly_usage.year_month = $2::VARCHAR AND monthly_usage.feature = $3::VARCHAR
2026-04-27 17:54:08,425 INFO sqlalchemy.engine.Engine [cached since 0.1387s ago] ('dbdf4490-5402-4188-8bf5-20183b4a28a1', '2026-04', 'analysis')
2026-04-27 17:54:08,450 INFO sqlalchemy.engine.Engine SELECT monthly_usage.id, monthly_usage.user_id, monthly_usage.year_month, monthly_usage.feature, monthly_usage.usage_count, monthly_usage.limit_count, monthly_usage.created_at, monthly_usage.updated_at 
FROM monthly_usage 
WHERE monthly_usage.user_id = $1::UUID AND monthly_usage.year_month = $2::VARCHAR AND monthly_usage.feature = $3::VARCHAR
2026-04-27 17:54:08,450 INFO sqlalchemy.engine.Engine [cached since 0.1664s ago] ('dbdf4490-5402-4188-8bf5-20183b4a28a1', '2026-04', 'recipe')
2026-04-27 17:54:08,468 INFO sqlalchemy.engine.Engine ROLLBACK
INFO:     127.0.0.1:60706 - "GET /api/v1/quota/status HTTP/1.1" 200 OK
2026-04-27 17:54:11,333 INFO sqlalchemy.engine.Engine BEGIN (implicit)
2026-04-27 17:54:11,333 INFO sqlalchemy.engine.Engine SELECT users.id, users.email, users.google_id, users.display_name, users.avatar_url, users.created_at, users.updated_at 
FROM users 
WHERE users.id = $1::UUID
2026-04-27 17:54:11,333 INFO sqlalchemy.engine.Engine [cached since 3.491s ago] ('dbdf4490-5402-4188-8bf5-20183b4a28a1',)
2026-04-27 17:54:11,378 INFO sqlalchemy.engine.Engine SELECT refrigerators.id, refrigerators.user_id, refrigerators.name, refrigerators.created_at, refrigerators.updated_at 
FROM refrigerators 
WHERE refrigerators.user_id = $1::UUID
2026-04-27 17:54:11,378 INFO sqlalchemy.engine.Engine [generated in 0.00030s] (UUID('dbdf4490-5402-4188-8bf5-20183b4a28a1'),)
2026-04-27 17:54:11,416 INFO sqlalchemy.engine.Engine SELECT ingredients.refrigerator_id AS ingredients_refrigerator_id, ingredients.id AS ingredients_id, ingredients.name AS ingredients_name, ingredients.original_name AS ingredients_original_name, ingredients.quantity AS ingredients_quantity, ingredients.unit AS ingredients_unit, ingredients.expiry_date AS ingredients_expiry_date, ingredients.source AS ingredients_source, ingredients.created_at AS ingredients_created_at, ingredients.updated_at AS ingredients_updated_at 
FROM ingredients 
WHERE ingredients.refrigerator_id IN ($1::UUID)
2026-04-27 17:54:11,416 INFO sqlalchemy.engine.Engine [generated in 0.00056s] (UUID('471907fd-cdf6-41d3-9165-e9da80478a92'),)
2026-04-27 17:54:11,454 INFO sqlalchemy.engine.Engine ROLLBACK
INFO:     127.0.0.1:60709 - "GET /api/v1/fridge HTTP/1.1" 200 OK
2026-04-27 17:54:11,487 INFO sqlalchemy.engine.Engine BEGIN (implicit)
2026-04-27 17:54:11,487 INFO sqlalchemy.engine.Engine SELECT users.id, users.email, users.google_id, users.display_name, users.avatar_url, users.created_at, users.updated_at 
FROM users 
WHERE users.id = $1::UUID
2026-04-27 17:54:11,489 INFO sqlalchemy.engine.Engine [cached since 3.645s ago] ('dbdf4490-5402-4188-8bf5-20183b4a28a1',)
2026-04-27 17:54:11,521 INFO sqlalchemy.engine.Engine SELECT refrigerators.id, refrigerators.user_id, refrigerators.name, refrigerators.created_at, refrigerators.updated_at 
FROM refrigerators 
WHERE refrigerators.user_id = $1::UUID
2026-04-27 17:54:11,521 INFO sqlalchemy.engine.Engine [cached since 0.1446s ago] (UUID('dbdf4490-5402-4188-8bf5-20183b4a28a1'),)
2026-04-27 17:54:11,552 INFO sqlalchemy.engine.Engine SELECT ingredients.refrigerator_id AS ingredients_refrigerator_id, ingredients.id AS ingredients_id, ingredients.name AS ingredients_name, ingredients.original_name AS ingredients_original_name, ingredients.quantity AS ingredients_quantity, ingredients.unit AS ingredients_unit, ingredients.expiry_date AS ingredients_expiry_date, ingredients.source AS ingredients_source, ingredients.created_at AS ingredients_created_at, ingredients.updated_at AS ingredients_updated_at 
FROM ingredients 
WHERE ingredients.refrigerator_id IN ($1::UUID)
2026-04-27 17:54:11,552 INFO sqlalchemy.engine.Engine [cached since 0.1379s ago] (UUID('471907fd-cdf6-41d3-9165-e9da80478a92'),)
2026-04-27 17:54:11,582 INFO sqlalchemy.engine.Engine ROLLBACK
INFO:     127.0.0.1:60711 - "GET /api/v1/fridge HTTP/1.1" 200 OK
2026-04-27 17:54:16,853 INFO sqlalchemy.engine.Engine BEGIN (implicit)
2026-04-27 17:54:16,853 INFO sqlalchemy.engine.Engine SELECT users.id, users.email, users.google_id, users.display_name, users.avatar_url, users.created_at, users.updated_at 
FROM users 
WHERE users.id = $1::UUID
2026-04-27 17:54:16,853 INFO sqlalchemy.engine.Engine [cached since 9.013s ago] ('dbdf4490-5402-4188-8bf5-20183b4a28a1',)
2026-04-27 17:54:16,889 INFO sqlalchemy.engine.Engine SELECT subscriptions.id, subscriptions.user_id, subscriptions.polar_subscription_id, subscriptions.polar_customer_id, subscriptions.status, subscriptions.plan_type, subscriptions.current_period_start, subscriptions.current_period_end, subscriptions.canceled_at, subscriptions.created_at, subscriptions.updated_at 
FROM subscriptions 
WHERE subscriptions.user_id = $1::UUID AND subscriptions.status = $2::VARCHAR AND subscriptions.plan_type = $3::VARCHAR
2026-04-27 17:54:16,889 INFO sqlalchemy.engine.Engine [cached since 8.638s ago] ('dbdf4490-5402-4188-8bf5-20183b4a28a1', 'active', 'premium')
2026-04-27 17:54:16,905 INFO sqlalchemy.engine.Engine SELECT monthly_usage.id, monthly_usage.user_id, monthly_usage.year_month, monthly_usage.feature, monthly_usage.usage_count, monthly_usage.limit_count, monthly_usage.created_at, monthly_usage.updated_at 
FROM monthly_usage 
WHERE monthly_usage.user_id = $1::UUID AND monthly_usage.year_month = $2::VARCHAR AND monthly_usage.feature = $3::VARCHAR
2026-04-27 17:54:16,905 INFO sqlalchemy.engine.Engine [cached since 8.62s ago] ('dbdf4490-5402-4188-8bf5-20183b4a28a1', '2026-04', 'analysis')
2026-04-27 17:54:16,929 INFO sqlalchemy.engine.Engine SELECT monthly_usage.id, monthly_usage.user_id, monthly_usage.year_month, monthly_usage.feature, monthly_usage.usage_count, monthly_usage.limit_count, monthly_usage.created_at, monthly_usage.updated_at 
FROM monthly_usage 
WHERE monthly_usage.user_id = $1::UUID AND monthly_usage.year_month = $2::VARCHAR AND monthly_usage.feature = $3::VARCHAR
2026-04-27 17:54:16,929 INFO sqlalchemy.engine.Engine [cached since 8.642s ago] ('dbdf4490-5402-4188-8bf5-20183b4a28a1', '2026-04', 'recipe')
2026-04-27 17:54:16,949 INFO sqlalchemy.engine.Engine ROLLBACK
INFO:     127.0.0.1:61493 - "GET /api/v1/quota/status HTTP/1.1" 200 OK
2026-04-27 17:54:16,981 INFO sqlalchemy.engine.Engine BEGIN (implicit)
2026-04-27 17:54:16,981 INFO sqlalchemy.engine.Engine SELECT users.id, users.email, users.google_id, users.display_name, users.avatar_url, users.created_at, users.updated_at 
FROM users 
WHERE users.id = $1::UUID
2026-04-27 17:54:16,981 INFO sqlalchemy.engine.Engine [cached since 9.144s ago] ('dbdf4490-5402-4188-8bf5-20183b4a28a1',)
2026-04-27 17:54:17,017 INFO sqlalchemy.engine.Engine SELECT subscriptions.id, subscriptions.user_id, subscriptions.polar_subscription_id, subscriptions.polar_customer_id, subscriptions.status, subscriptions.plan_type, subscriptions.current_period_start, subscriptions.current_period_end, subscriptions.canceled_at, subscriptions.created_at, subscriptions.updated_at 
FROM subscriptions 
WHERE subscriptions.user_id = $1::UUID AND subscriptions.status = $2::VARCHAR AND subscriptions.plan_type = $3::VARCHAR
2026-04-27 17:54:17,017 INFO sqlalchemy.engine.Engine [cached since 8.764s ago] ('dbdf4490-5402-4188-8bf5-20183b4a28a1', 'active', 'premium')
2026-04-27 17:54:17,032 INFO sqlalchemy.engine.Engine SELECT monthly_usage.id, monthly_usage.user_id, monthly_usage.year_month, monthly_usage.feature, monthly_usage.usage_count, monthly_usage.limit_count, monthly_usage.created_at, monthly_usage.updated_at 
FROM monthly_usage 
WHERE monthly_usage.user_id = $1::UUID AND monthly_usage.year_month = $2::VARCHAR AND monthly_usage.feature = $3::VARCHAR
2026-04-27 17:54:17,032 INFO sqlalchemy.engine.Engine [cached since 8.743s ago] ('dbdf4490-5402-4188-8bf5-20183b4a28a1', '2026-04', 'analysis')
2026-04-27 17:54:17,054 INFO sqlalchemy.engine.Engine SELECT monthly_usage.id, monthly_usage.user_id, monthly_usage.year_month, monthly_usage.feature, monthly_usage.usage_count, monthly_usage.limit_count, monthly_usage.created_at, monthly_usage.updated_at 
FROM monthly_usage 
WHERE monthly_usage.user_id = $1::UUID AND monthly_usage.year_month = $2::VARCHAR AND monthly_usage.feature = $3::VARCHAR
2026-04-27 17:54:17,055 INFO sqlalchemy.engine.Engine [cached since 8.765s ago] ('dbdf4490-5402-4188-8bf5-20183b4a28a1', '2026-04', 'recipe')
2026-04-27 17:54:17,070 INFO sqlalchemy.engine.Engine ROLLBACK
INFO:     127.0.0.1:57247 - "GET /api/v1/quota/status HTTP/1.1" 200 OK
2026-04-27 17:54:17,712 INFO sqlalchemy.engine.Engine BEGIN (implicit)
2026-04-27 17:54:17,714 INFO sqlalchemy.engine.Engine SELECT users.id, users.email, users.google_id, users.display_name, users.avatar_url, users.created_at, users.updated_at 
FROM users 
WHERE users.id = $1::UUID
2026-04-27 17:54:17,714 INFO sqlalchemy.engine.Engine [cached since 9.872s ago] ('dbdf4490-5402-4188-8bf5-20183b4a28a1',)
2026-04-27 17:54:17,718 INFO sqlalchemy.engine.Engine BEGIN (implicit)
2026-04-27 17:54:17,720 INFO sqlalchemy.engine.Engine SELECT users.id, users.email, users.google_id, users.display_name, users.avatar_url, users.created_at, users.updated_at 
FROM users 
WHERE users.id = $1::UUID
2026-04-27 17:54:17,721 INFO sqlalchemy.engine.Engine [cached since 9.877s ago] ('dbdf4490-5402-4188-8bf5-20183b4a28a1',)
2026-04-27 17:54:17,748 INFO sqlalchemy.engine.Engine SELECT subscriptions.id, subscriptions.user_id, subscriptions.polar_subscription_id, subscriptions.polar_customer_id, subscriptions.status, subscriptions.plan_type, subscriptions.current_period_start, subscriptions.current_period_end, subscriptions.canceled_at, subscriptions.created_at, subscriptions.updated_at 
FROM subscriptions 
WHERE subscriptions.user_id = $1::UUID AND subscriptions.status = $2::VARCHAR AND subscriptions.plan_type = $3::VARCHAR
2026-04-27 17:54:17,748 INFO sqlalchemy.engine.Engine [cached since 9.495s ago] ('dbdf4490-5402-4188-8bf5-20183b4a28a1', 'active', 'premium')
2026-04-27 17:54:17,750 INFO sqlalchemy.engine.Engine SELECT refrigerators.id, refrigerators.user_id, refrigerators.name, refrigerators.created_at, refrigerators.updated_at 
FROM refrigerators 
WHERE refrigerators.user_id = $1::UUID
2026-04-27 17:54:17,750 INFO sqlalchemy.engine.Engine [generated in 0.00033s] (UUID('dbdf4490-5402-4188-8bf5-20183b4a28a1'),)
2026-04-27 17:54:17,757 INFO sqlalchemy.engine.Engine SELECT monthly_usage.id, monthly_usage.user_id, monthly_usage.year_month, monthly_usage.feature, monthly_usage.usage_count, monthly_usage.limit_count, monthly_usage.created_at, monthly_usage.updated_at 
FROM monthly_usage 
WHERE monthly_usage.user_id = $1::UUID AND monthly_usage.year_month = $2::VARCHAR AND monthly_usage.feature = $3::VARCHAR
2026-04-27 17:54:17,757 INFO sqlalchemy.engine.Engine [cached since 9.473s ago] ('dbdf4490-5402-4188-8bf5-20183b4a28a1', '2026-04', 'analysis')
2026-04-27 17:54:17,765 INFO sqlalchemy.engine.Engine SELECT ingredients.id, ingredients.refrigerator_id, ingredients.name, ingredients.original_name, ingredients.quantity, ingredients.unit, ingredients.expiry_date, ingredients.source, ingredients.created_at, ingredients.updated_at 
FROM ingredients 
WHERE ingredients.refrigerator_id = $1::UUID
2026-04-27 17:54:17,765 INFO sqlalchemy.engine.Engine [generated in 0.00034s] (UUID('471907fd-cdf6-41d3-9165-e9da80478a92'),)
2026-04-27 17:54:17,778 INFO sqlalchemy.engine.Engine SELECT monthly_usage.id, monthly_usage.user_id, monthly_usage.year_month, monthly_usage.feature, monthly_usage.usage_count, monthly_usage.limit_count, monthly_usage.created_at, monthly_usage.updated_at 
FROM monthly_usage 
WHERE monthly_usage.user_id = $1::UUID AND monthly_usage.year_month = $2::VARCHAR AND monthly_usage.feature = $3::VARCHAR
2026-04-27 17:54:17,778 INFO sqlalchemy.engine.Engine [cached since 9.49s ago] ('dbdf4490-5402-4188-8bf5-20183b4a28a1', '2026-04', 'recipe')
2026-04-27 17:54:17,794 INFO sqlalchemy.engine.Engine ROLLBACK
2026-04-27 17:54:17,807 INFO sqlalchemy.engine.Engine ROLLBACK
INFO:     127.0.0.1:54718 - "GET /api/v1/quota/status HTTP/1.1" 200 OK
2026-04-27 17:54:17,830 INFO sqlalchemy.engine.Engine BEGIN (implicit)
2026-04-27 17:54:17,832 INFO sqlalchemy.engine.Engine SELECT users.id, users.email, users.google_id, users.display_name, users.avatar_url, users.created_at, users.updated_at 
FROM users 
WHERE users.id = $1::UUID
2026-04-27 17:54:17,832 INFO sqlalchemy.engine.Engine [cached since 9.99s ago] ('dbdf4490-5402-4188-8bf5-20183b4a28a1',)
INFO:     127.0.0.1:54716 - "GET /api/v1/recipes/recommend HTTP/1.1" 200 OK
2026-04-27 17:54:17,849 INFO sqlalchemy.engine.Engine BEGIN (implicit)
2026-04-27 17:54:17,850 INFO sqlalchemy.engine.Engine SELECT users.id, users.email, users.google_id, users.display_name, users.avatar_url, users.created_at, users.updated_at 
FROM users 
WHERE users.id = $1::UUID
2026-04-27 17:54:17,852 INFO sqlalchemy.engine.Engine [cached since 10.01s ago] ('dbdf4490-5402-4188-8bf5-20183b4a28a1',)
2026-04-27 17:54:17,901 INFO sqlalchemy.engine.Engine SELECT subscriptions.id, subscriptions.user_id, subscriptions.polar_subscription_id, subscriptions.polar_customer_id, subscriptions.status, subscriptions.plan_type, subscriptions.current_period_start, subscriptions.current_period_end, subscriptions.canceled_at, subscriptions.created_at, subscriptions.updated_at 
FROM subscriptions 
WHERE subscriptions.user_id = $1::UUID AND subscriptions.status = $2::VARCHAR AND subscriptions.plan_type = $3::VARCHAR
2026-04-27 17:54:17,901 INFO sqlalchemy.engine.Engine [cached since 9.649s ago] ('dbdf4490-5402-4188-8bf5-20183b4a28a1', 'active', 'premium')
2026-04-27 17:54:17,918 INFO sqlalchemy.engine.Engine SELECT monthly_usage.id, monthly_usage.user_id, monthly_usage.year_month, monthly_usage.feature, monthly_usage.usage_count, monthly_usage.limit_count, monthly_usage.created_at, monthly_usage.updated_at 
FROM monthly_usage 
WHERE monthly_usage.user_id = $1::UUID AND monthly_usage.year_month = $2::VARCHAR AND monthly_usage.feature = $3::VARCHAR
2026-04-27 17:54:17,918 INFO sqlalchemy.engine.Engine [cached since 9.629s ago] ('dbdf4490-5402-4188-8bf5-20183b4a28a1', '2026-04', 'analysis')
2026-04-27 17:54:17,922 INFO sqlalchemy.engine.Engine SELECT refrigerators.id, refrigerators.user_id, refrigerators.name, refrigerators.created_at, refrigerators.updated_at 
FROM refrigerators 
WHERE refrigerators.user_id = $1::UUID
2026-04-27 17:54:17,922 INFO sqlalchemy.engine.Engine [cached since 0.1742s ago] (UUID('dbdf4490-5402-4188-8bf5-20183b4a28a1'),)
2026-04-27 17:54:17,934 INFO sqlalchemy.engine.Engine SELECT monthly_usage.id, monthly_usage.user_id, monthly_usage.year_month, monthly_usage.feature, monthly_usage.usage_count, monthly_usage.limit_count, monthly_usage.created_at, monthly_usage.updated_at 
FROM monthly_usage 
WHERE monthly_usage.user_id = $1::UUID AND monthly_usage.year_month = $2::VARCHAR AND monthly_usage.feature = $3::VARCHAR
2026-04-27 17:54:17,934 INFO sqlalchemy.engine.Engine [cached since 9.644s ago] ('dbdf4490-5402-4188-8bf5-20183b4a28a1', '2026-04', 'recipe')
2026-04-27 17:54:17,939 INFO sqlalchemy.engine.Engine SELECT ingredients.id, ingredients.refrigerator_id, ingredients.name, ingredients.original_name, ingredients.quantity, ingredients.unit, ingredients.expiry_date, ingredients.source, ingredients.created_at, ingredients.updated_at 
FROM ingredients 
WHERE ingredients.refrigerator_id = $1::UUID
2026-04-27 17:54:17,942 INFO sqlalchemy.engine.Engine [cached since 0.1734s ago] (UUID('471907fd-cdf6-41d3-9165-e9da80478a92'),)
2026-04-27 17:54:17,958 INFO sqlalchemy.engine.Engine ROLLBACK
2026-04-27 17:54:18,054 INFO sqlalchemy.engine.Engine ROLLBACK
INFO:     127.0.0.1:54105 - "GET /api/v1/quota/status HTTP/1.1" 200 OK
INFO:     127.0.0.1:54052 - "GET /api/v1/recipes/recommend HTTP/1.1" 200 OK
2026-04-27 17:54:26,365 INFO sqlalchemy.engine.Engine BEGIN (implicit)
2026-04-27 17:54:26,365 INFO sqlalchemy.engine.Engine SELECT users.id, users.email, users.google_id, users.display_name, users.avatar_url, users.created_at, users.updated_at 
FROM users 
WHERE users.id = $1::UUID
2026-04-27 17:54:26,365 INFO sqlalchemy.engine.Engine [cached since 18.52s ago] ('dbdf4490-5402-4188-8bf5-20183b4a28a1',)
2026-04-27 17:54:26,419 INFO sqlalchemy.engine.Engine SELECT subscriptions.id, subscriptions.user_id, subscriptions.polar_subscription_id, subscriptions.polar_customer_id, subscriptions.status, subscriptions.plan_type, subscriptions.current_period_start, subscriptions.current_period_end, subscriptions.canceled_at, subscriptions.created_at, subscriptions.updated_at 
FROM subscriptions 
WHERE subscriptions.user_id = $1::UUID AND subscriptions.status = $2::VARCHAR AND subscriptions.plan_type = $3::VARCHAR
2026-04-27 17:54:26,419 INFO sqlalchemy.engine.Engine [cached since 18.17s ago] ('dbdf4490-5402-4188-8bf5-20183b4a28a1', 'active', 'premium')
2026-04-27 17:54:26,437 INFO sqlalchemy.engine.Engine SELECT monthly_usage.id, monthly_usage.user_id, monthly_usage.year_month, monthly_usage.feature, monthly_usage.usage_count, monthly_usage.limit_count, monthly_usage.created_at, monthly_usage.updated_at 
FROM monthly_usage 
WHERE monthly_usage.user_id = $1::UUID AND monthly_usage.year_month = $2::VARCHAR AND monthly_usage.feature = $3::VARCHAR
2026-04-27 17:54:26,437 INFO sqlalchemy.engine.Engine [cached since 18.15s ago] ('dbdf4490-5402-4188-8bf5-20183b4a28a1', '2026-04', 'analysis')
2026-04-27 17:54:26,453 INFO sqlalchemy.engine.Engine SELECT monthly_usage.id, monthly_usage.user_id, monthly_usage.year_month, monthly_usage.feature, monthly_usage.usage_count, monthly_usage.limit_count, monthly_usage.created_at, monthly_usage.updated_at 
FROM monthly_usage 
WHERE monthly_usage.user_id = $1::UUID AND monthly_usage.year_month = $2::VARCHAR AND monthly_usage.feature = $3::VARCHAR
2026-04-27 17:54:26,453 INFO sqlalchemy.engine.Engine [cached since 18.16s ago] ('dbdf4490-5402-4188-8bf5-20183b4a28a1', '2026-04', 'recipe')
2026-04-27 17:54:26,464 INFO sqlalchemy.engine.Engine SELECT refrigerators.id, refrigerators.user_id, refrigerators.name, refrigerators.created_at, refrigerators.updated_at 
FROM refrigerators 
WHERE refrigerators.user_id = $1::UUID
2026-04-27 17:54:26,464 INFO sqlalchemy.engine.Engine [cached since 8.719s ago] (UUID('dbdf4490-5402-4188-8bf5-20183b4a28a1'),)
2026-04-27 17:54:26,479 INFO sqlalchemy.engine.Engine SELECT ingredients.id, ingredients.refrigerator_id, ingredients.name, ingredients.original_name, ingredients.quantity, ingredients.unit, ingredients.expiry_date, ingredients.source, ingredients.created_at, ingredients.updated_at 
FROM ingredients 
WHERE ingredients.refrigerator_id = $1::UUID
2026-04-27 17:54:26,479 INFO sqlalchemy.engine.Engine [cached since 8.717s ago] (UUID('471907fd-cdf6-41d3-9165-e9da80478a92'),)
2026-04-27 17:54:32,704 INFO sqlalchemy.engine.Engine SELECT subscriptions.id, subscriptions.user_id, subscriptions.polar_subscription_id, subscriptions.polar_customer_id, subscriptions.status, subscriptions.plan_type, subscriptions.current_period_start, subscriptions.current_period_end, subscriptions.canceled_at, subscriptions.created_at, subscriptions.updated_at 
FROM subscriptions 
WHERE subscriptions.user_id = $1::UUID AND subscriptions.status = $2::VARCHAR AND subscriptions.plan_type = $3::VARCHAR
2026-04-27 17:54:32,704 INFO sqlalchemy.engine.Engine [cached since 24.45s ago] ('dbdf4490-5402-4188-8bf5-20183b4a28a1', 'active', 'premium')
2026-04-27 17:54:32,720 INFO sqlalchemy.engine.Engine SAVEPOINT sa_savepoint_1
2026-04-27 17:54:32,720 INFO sqlalchemy.engine.Engine [no key 0.00026s] ()
2026-04-27 17:54:32,744 INFO sqlalchemy.engine.Engine SELECT monthly_usage.id, monthly_usage.user_id, monthly_usage.year_month, monthly_usage.feature, monthly_usage.usage_count, monthly_usage.limit_count, monthly_usage.created_at, monthly_usage.updated_at 
FROM monthly_usage 
WHERE monthly_usage.user_id = $1::UUID AND monthly_usage.year_month = $2::VARCHAR AND monthly_usage.feature = $3::VARCHAR FOR UPDATE
2026-04-27 17:54:32,744 INFO sqlalchemy.engine.Engine [generated in 0.00041s] ('dbdf4490-5402-4188-8bf5-20183b4a28a1', '2026-04', 'recipe')
2026-04-27 17:54:32,779 INFO sqlalchemy.engine.Engine UPDATE monthly_usage SET usage_count=$1::INTEGER, updated_at=$2::TIMESTAMP WITH TIME ZONE WHERE monthly_usage.id = $3::UUID
2026-04-27 17:54:32,781 INFO sqlalchemy.engine.Engine [generated in 0.00053s] (11, datetime.datetime(2026, 4, 27, 8, 54, 32, 774342, tzinfo=datetime.timezone.utc), UUID('06b56982-4242-460a-be70-c2c9c883853a'))
2026-04-27 17:54:32,812 INFO sqlalchemy.engine.Engine RELEASE SAVEPOINT sa_savepoint_1
2026-04-27 17:54:32,812 INFO sqlalchemy.engine.Engine [no key 0.00026s] ()
2026-04-27 17:54:32,836 INFO sqlalchemy.engine.Engine COMMIT
2026-04-27 17:54:32,853 INFO sqlalchemy.engine.Engine BEGIN (implicit)
2026-04-27 17:54:32,853 INFO sqlalchemy.engine.Engine SELECT subscriptions.id, subscriptions.user_id, subscriptions.polar_subscription_id, subscriptions.polar_customer_id, subscriptions.status, subscriptions.plan_type, subscriptions.current_period_start, subscriptions.current_period_end, subscriptions.canceled_at, subscriptions.created_at, subscriptions.updated_at 
FROM subscriptions 
WHERE subscriptions.user_id = $1::UUID AND subscriptions.status = $2::VARCHAR AND subscriptions.plan_type = $3::VARCHAR
2026-04-27 17:54:32,853 INFO sqlalchemy.engine.Engine [cached since 24.6s ago] ('dbdf4490-5402-4188-8bf5-20183b4a28a1', 'active', 'premium')
2026-04-27 17:54:32,885 INFO sqlalchemy.engine.Engine SELECT monthly_usage.id, monthly_usage.user_id, monthly_usage.year_month, monthly_usage.feature, monthly_usage.usage_count, monthly_usage.limit_count, monthly_usage.created_at, monthly_usage.updated_at 
FROM monthly_usage 
WHERE monthly_usage.user_id = $1::UUID AND monthly_usage.year_month = $2::VARCHAR AND monthly_usage.feature = $3::VARCHAR
2026-04-27 17:54:32,885 INFO sqlalchemy.engine.Engine [cached since 24.6s ago] ('dbdf4490-5402-4188-8bf5-20183b4a28a1', '2026-04', 'analysis')
2026-04-27 17:54:32,904 INFO sqlalchemy.engine.Engine SELECT monthly_usage.id, monthly_usage.user_id, monthly_usage.year_month, monthly_usage.feature, monthly_usage.usage_count, monthly_usage.limit_count, monthly_usage.created_at, monthly_usage.updated_at 
FROM monthly_usage 
WHERE monthly_usage.user_id = $1::UUID AND monthly_usage.year_month = $2::VARCHAR AND monthly_usage.feature = $3::VARCHAR
2026-04-27 17:54:32,904 INFO sqlalchemy.engine.Engine [cached since 24.61s ago] ('dbdf4490-5402-4188-8bf5-20183b4a28a1', '2026-04', 'recipe')
2026-04-27 17:54:32,917 INFO sqlalchemy.engine.Engine ROLLBACK
INFO:     127.0.0.1:52967 - "POST /api/v1/recipes/ai-candidates HTTP/1.1" 200 OK
2026-04-27 17:54:39,511 INFO sqlalchemy.engine.Engine BEGIN (implicit)
2026-04-27 17:54:39,511 INFO sqlalchemy.engine.Engine SELECT users.id, users.email, users.google_id, users.display_name, users.avatar_url, users.created_at, users.updated_at 
FROM users 
WHERE users.id = $1::UUID
2026-04-27 17:54:39,511 INFO sqlalchemy.engine.Engine [cached since 31.67s ago] ('dbdf4490-5402-4188-8bf5-20183b4a28a1',)
2026-04-27 17:54:39,554 INFO sqlalchemy.engine.Engine SELECT subscriptions.id, subscriptions.user_id, subscriptions.polar_subscription_id, subscriptions.polar_customer_id, subscriptions.status, subscriptions.plan_type, subscriptions.current_period_start, subscriptions.current_period_end, subscriptions.canceled_at, subscriptions.created_at, subscriptions.updated_at 
FROM subscriptions 
WHERE subscriptions.user_id = $1::UUID AND subscriptions.status = $2::VARCHAR AND subscriptions.plan_type = $3::VARCHAR
2026-04-27 17:54:39,554 INFO sqlalchemy.engine.Engine [cached since 31.3s ago] ('dbdf4490-5402-4188-8bf5-20183b4a28a1', 'active', 'premium')
2026-04-27 17:54:39,572 INFO sqlalchemy.engine.Engine SELECT monthly_usage.id, monthly_usage.user_id, monthly_usage.year_month, monthly_usage.feature, monthly_usage.usage_count, monthly_usage.limit_count, monthly_usage.created_at, monthly_usage.updated_at 
FROM monthly_usage 
WHERE monthly_usage.user_id = $1::UUID AND monthly_usage.year_month = $2::VARCHAR AND monthly_usage.feature = $3::VARCHAR
2026-04-27 17:54:39,572 INFO sqlalchemy.engine.Engine [cached since 31.28s ago] ('dbdf4490-5402-4188-8bf5-20183b4a28a1', '2026-04', 'analysis')
2026-04-27 17:54:39,591 INFO sqlalchemy.engine.Engine SELECT monthly_usage.id, monthly_usage.user_id, monthly_usage.year_month, monthly_usage.feature, monthly_usage.usage_count, monthly_usage.limit_count, monthly_usage.created_at, monthly_usage.updated_at 
FROM monthly_usage 
WHERE monthly_usage.user_id = $1::UUID AND monthly_usage.year_month = $2::VARCHAR AND monthly_usage.feature = $3::VARCHAR
2026-04-27 17:54:39,591 INFO sqlalchemy.engine.Engine [cached since 31.3s ago] ('dbdf4490-5402-4188-8bf5-20183b4a28a1', '2026-04', 'recipe')
2026-04-27 17:54:39,608 INFO sqlalchemy.engine.Engine SELECT refrigerators.id, refrigerators.user_id, refrigerators.name, refrigerators.created_at, refrigerators.updated_at 
FROM refrigerators 
WHERE refrigerators.user_id = $1::UUID
2026-04-27 17:54:39,608 INFO sqlalchemy.engine.Engine [cached since 21.86s ago] (UUID('dbdf4490-5402-4188-8bf5-20183b4a28a1'),)
2026-04-27 17:54:39,631 INFO sqlalchemy.engine.Engine SELECT ingredients.id, ingredients.refrigerator_id, ingredients.name, ingredients.original_name, ingredients.quantity, ingredients.unit, ingredients.expiry_date, ingredients.source, ingredients.created_at, ingredients.updated_at 
FROM ingredients 
WHERE ingredients.refrigerator_id = $1::UUID
2026-04-27 17:54:39,633 INFO sqlalchemy.engine.Engine [cached since 21.86s ago] (UUID('471907fd-cdf6-41d3-9165-e9da80478a92'),)
2026-04-27 17:54:42,835 INFO sqlalchemy.engine.Engine SELECT subscriptions.id, subscriptions.user_id, subscriptions.polar_subscription_id, subscriptions.polar_customer_id, subscriptions.status, subscriptions.plan_type, subscriptions.current_period_start, subscriptions.current_period_end, subscriptions.canceled_at, subscriptions.created_at, subscriptions.updated_at 
FROM subscriptions 
WHERE subscriptions.user_id = $1::UUID AND subscriptions.status = $2::VARCHAR AND subscriptions.plan_type = $3::VARCHAR
2026-04-27 17:54:42,835 INFO sqlalchemy.engine.Engine [cached since 34.58s ago] ('dbdf4490-5402-4188-8bf5-20183b4a28a1', 'active', 'premium')
2026-04-27 17:54:42,851 INFO sqlalchemy.engine.Engine SAVEPOINT sa_savepoint_1
2026-04-27 17:54:42,851 INFO sqlalchemy.engine.Engine [no key 0.00036s] ()
2026-04-27 17:54:42,863 INFO sqlalchemy.engine.Engine SELECT monthly_usage.id, monthly_usage.user_id, monthly_usage.year_month, monthly_usage.feature, monthly_usage.usage_count, monthly_usage.limit_count, monthly_usage.created_at, monthly_usage.updated_at 
FROM monthly_usage 
WHERE monthly_usage.user_id = $1::UUID AND monthly_usage.year_month = $2::VARCHAR AND monthly_usage.feature = $3::VARCHAR FOR UPDATE
2026-04-27 17:54:42,863 INFO sqlalchemy.engine.Engine [cached since 10.12s ago] ('dbdf4490-5402-4188-8bf5-20183b4a28a1', '2026-04', 'recipe')
2026-04-27 17:54:42,877 INFO sqlalchemy.engine.Engine UPDATE monthly_usage SET usage_count=$1::INTEGER, updated_at=$2::TIMESTAMP WITH TIME ZONE WHERE monthly_usage.id = $3::UUID
2026-04-27 17:54:42,877 INFO sqlalchemy.engine.Engine [cached since 10.1s ago] (12, datetime.datetime(2026, 4, 27, 8, 54, 42, 877697, tzinfo=datetime.timezone.utc), UUID('06b56982-4242-460a-be70-c2c9c883853a'))
2026-04-27 17:54:42,895 INFO sqlalchemy.engine.Engine RELEASE SAVEPOINT sa_savepoint_1
2026-04-27 17:54:42,895 INFO sqlalchemy.engine.Engine [no key 0.00038s] ()
2026-04-27 17:54:42,909 INFO sqlalchemy.engine.Engine COMMIT
2026-04-27 17:54:42,925 INFO sqlalchemy.engine.Engine BEGIN (implicit)
2026-04-27 17:54:42,925 INFO sqlalchemy.engine.Engine SELECT subscriptions.id, subscriptions.user_id, subscriptions.polar_subscription_id, subscriptions.polar_customer_id, subscriptions.status, subscriptions.plan_type, subscriptions.current_period_start, subscriptions.current_period_end, subscriptions.canceled_at, subscriptions.created_at, subscriptions.updated_at 
FROM subscriptions 
WHERE subscriptions.user_id = $1::UUID AND subscriptions.status = $2::VARCHAR AND subscriptions.plan_type = $3::VARCHAR
2026-04-27 17:54:42,925 INFO sqlalchemy.engine.Engine [cached since 34.68s ago] ('dbdf4490-5402-4188-8bf5-20183b4a28a1', 'active', 'premium')
2026-04-27 17:54:42,962 INFO sqlalchemy.engine.Engine SELECT monthly_usage.id, monthly_usage.user_id, monthly_usage.year_month, monthly_usage.feature, monthly_usage.usage_count, monthly_usage.limit_count, monthly_usage.created_at, monthly_usage.updated_at 
FROM monthly_usage 
WHERE monthly_usage.user_id = $1::UUID AND monthly_usage.year_month = $2::VARCHAR AND monthly_usage.feature = $3::VARCHAR
2026-04-27 17:54:42,962 INFO sqlalchemy.engine.Engine [cached since 34.68s ago] ('dbdf4490-5402-4188-8bf5-20183b4a28a1', '2026-04', 'analysis')
2026-04-27 17:54:42,975 INFO sqlalchemy.engine.Engine SELECT monthly_usage.id, monthly_usage.user_id, monthly_usage.year_month, monthly_usage.feature, monthly_usage.usage_count, monthly_usage.limit_count, monthly_usage.created_at, monthly_usage.updated_at 
FROM monthly_usage 
WHERE monthly_usage.user_id = $1::UUID AND monthly_usage.year_month = $2::VARCHAR AND monthly_usage.feature = $3::VARCHAR
2026-04-27 17:54:42,983 INFO sqlalchemy.engine.Engine [cached since 34.69s ago] ('dbdf4490-5402-4188-8bf5-20183b4a28a1', '2026-04', 'recipe')
2026-04-27 17:54:43,001 INFO sqlalchemy.engine.Engine ROLLBACK
INFO:     127.0.0.1:62047 - "POST /api/v1/recipes/ai-candidates HTTP/1.1" 200 OK
2026-04-27 17:54:56,995 INFO sqlalchemy.engine.Engine BEGIN (implicit)
2026-04-27 17:54:56,995 INFO sqlalchemy.engine.Engine SELECT users.id, users.email, users.google_id, users.display_name, users.avatar_url, users.created_at, users.updated_at 
FROM users 
WHERE users.id = $1::UUID
2026-04-27 17:54:57,002 INFO sqlalchemy.engine.Engine [cached since 49.16s ago] ('dbdf4490-5402-4188-8bf5-20183b4a28a1',)
2026-04-27 17:54:57,045 INFO sqlalchemy.engine.Engine SELECT subscriptions.id, subscriptions.user_id, subscriptions.polar_subscription_id, subscriptions.polar_customer_id, subscriptions.status, subscriptions.plan_type, subscriptions.current_period_start, subscriptions.current_period_end, subscriptions.canceled_at, subscriptions.created_at, subscriptions.updated_at 
FROM subscriptions 
WHERE subscriptions.user_id = $1::UUID AND subscriptions.status = $2::VARCHAR AND subscriptions.plan_type = $3::VARCHAR
2026-04-27 17:54:57,045 INFO sqlalchemy.engine.Engine [cached since 48.79s ago] ('dbdf4490-5402-4188-8bf5-20183b4a28a1', 'active', 'premium')
2026-04-27 17:54:57,064 INFO sqlalchemy.engine.Engine SELECT monthly_usage.id, monthly_usage.user_id, monthly_usage.year_month, monthly_usage.feature, monthly_usage.usage_count, monthly_usage.limit_count, monthly_usage.created_at, monthly_usage.updated_at 
FROM monthly_usage 
WHERE monthly_usage.user_id = $1::UUID AND monthly_usage.year_month = $2::VARCHAR AND monthly_usage.feature = $3::VARCHAR
2026-04-27 17:54:57,064 INFO sqlalchemy.engine.Engine [cached since 48.77s ago] ('dbdf4490-5402-4188-8bf5-20183b4a28a1', '2026-04', 'analysis')
2026-04-27 17:54:57,075 INFO sqlalchemy.engine.Engine SELECT monthly_usage.id, monthly_usage.user_id, monthly_usage.year_month, monthly_usage.feature, monthly_usage.usage_count, monthly_usage.limit_count, monthly_usage.created_at, monthly_usage.updated_at 
FROM monthly_usage 
WHERE monthly_usage.user_id = $1::UUID AND monthly_usage.year_month = $2::VARCHAR AND monthly_usage.feature = $3::VARCHAR
2026-04-27 17:54:57,082 INFO sqlalchemy.engine.Engine [cached since 48.79s ago] ('dbdf4490-5402-4188-8bf5-20183b4a28a1', '2026-04', 'recipe')
2026-04-27 17:54:57,099 INFO sqlalchemy.engine.Engine SELECT refrigerators.id, refrigerators.user_id, refrigerators.name, refrigerators.created_at, refrigerators.updated_at 
FROM refrigerators 
WHERE refrigerators.user_id = $1::UUID
2026-04-27 17:54:57,099 INFO sqlalchemy.engine.Engine [cached since 39.35s ago] (UUID('dbdf4490-5402-4188-8bf5-20183b4a28a1'),)
2026-04-27 17:54:57,112 INFO sqlalchemy.engine.Engine SELECT ingredients.id, ingredients.refrigerator_id, ingredients.name, ingredients.original_name, ingredients.quantity, ingredients.unit, ingredients.expiry_date, ingredients.source, ingredients.created_at, ingredients.updated_at 
FROM ingredients 
WHERE ingredients.refrigerator_id = $1::UUID
2026-04-27 17:54:57,112 INFO sqlalchemy.engine.Engine [cached since 39.35s ago] (UUID('471907fd-cdf6-41d3-9165-e9da80478a92'),)
2026-04-27 17:55:02,025 INFO sqlalchemy.engine.Engine SELECT subscriptions.id, subscriptions.user_id, subscriptions.polar_subscription_id, subscriptions.polar_customer_id, subscriptions.status, subscriptions.plan_type, subscriptions.current_period_start, subscriptions.current_period_end, subscriptions.canceled_at, subscriptions.created_at, subscriptions.updated_at 
FROM subscriptions 
WHERE subscriptions.user_id = $1::UUID AND subscriptions.status = $2::VARCHAR AND subscriptions.plan_type = $3::VARCHAR
2026-04-27 17:55:02,025 INFO sqlalchemy.engine.Engine [cached since 53.77s ago] ('dbdf4490-5402-4188-8bf5-20183b4a28a1', 'active', 'premium')
2026-04-27 17:55:02,055 INFO sqlalchemy.engine.Engine SAVEPOINT sa_savepoint_1
2026-04-27 17:55:02,055 INFO sqlalchemy.engine.Engine [no key 0.00044s] ()
2026-04-27 17:55:02,073 INFO sqlalchemy.engine.Engine SELECT monthly_usage.id, monthly_usage.user_id, monthly_usage.year_month, monthly_usage.feature, monthly_usage.usage_count, monthly_usage.limit_count, monthly_usage.created_at, monthly_usage.updated_at 
FROM monthly_usage 
WHERE monthly_usage.user_id = $1::UUID AND monthly_usage.year_month = $2::VARCHAR AND monthly_usage.feature = $3::VARCHAR FOR UPDATE
2026-04-27 17:55:02,073 INFO sqlalchemy.engine.Engine [cached since 29.33s ago] ('dbdf4490-5402-4188-8bf5-20183b4a28a1', '2026-04', 'recipe')
2026-04-27 17:55:02,099 INFO sqlalchemy.engine.Engine UPDATE monthly_usage SET usage_count=$1::INTEGER, updated_at=$2::TIMESTAMP WITH TIME ZONE WHERE monthly_usage.id = $3::UUID
2026-04-27 17:55:02,101 INFO sqlalchemy.engine.Engine [cached since 29.32s ago] (13, datetime.datetime(2026, 4, 27, 8, 55, 2, 99098, tzinfo=datetime.timezone.utc), UUID('06b56982-4242-460a-be70-c2c9c883853a'))
2026-04-27 17:55:02,119 INFO sqlalchemy.engine.Engine RELEASE SAVEPOINT sa_savepoint_1
2026-04-27 17:55:02,119 INFO sqlalchemy.engine.Engine [no key 0.00029s] ()
2026-04-27 17:55:02,134 INFO sqlalchemy.engine.Engine COMMIT
2026-04-27 17:55:02,152 INFO sqlalchemy.engine.Engine BEGIN (implicit)
2026-04-27 17:55:02,152 INFO sqlalchemy.engine.Engine SELECT subscriptions.id, subscriptions.user_id, subscriptions.polar_subscription_id, subscriptions.polar_customer_id, subscriptions.status, subscriptions.plan_type, subscriptions.current_period_start, subscriptions.current_period_end, subscriptions.canceled_at, subscriptions.created_at, subscriptions.updated_at 
FROM subscriptions 
WHERE subscriptions.user_id = $1::UUID AND subscriptions.status = $2::VARCHAR AND subscriptions.plan_type = $3::VARCHAR
2026-04-27 17:55:02,152 INFO sqlalchemy.engine.Engine [cached since 53.9s ago] ('dbdf4490-5402-4188-8bf5-20183b4a28a1', 'active', 'premium')
2026-04-27 17:55:02,186 INFO sqlalchemy.engine.Engine SELECT monthly_usage.id, monthly_usage.user_id, monthly_usage.year_month, monthly_usage.feature, monthly_usage.usage_count, monthly_usage.limit_count, monthly_usage.created_at, monthly_usage.updated_at 
FROM monthly_usage 
WHERE monthly_usage.user_id = $1::UUID AND monthly_usage.year_month = $2::VARCHAR AND monthly_usage.feature = $3::VARCHAR
2026-04-27 17:55:02,186 INFO sqlalchemy.engine.Engine [cached since 53.9s ago] ('dbdf4490-5402-4188-8bf5-20183b4a28a1', '2026-04', 'analysis')
2026-04-27 17:55:02,205 INFO sqlalchemy.engine.Engine SELECT monthly_usage.id, monthly_usage.user_id, monthly_usage.year_month, monthly_usage.feature, monthly_usage.usage_count, monthly_usage.limit_count, monthly_usage.created_at, monthly_usage.updated_at 
FROM monthly_usage 
WHERE monthly_usage.user_id = $1::UUID AND monthly_usage.year_month = $2::VARCHAR AND monthly_usage.feature = $3::VARCHAR
2026-04-27 17:55:02,205 INFO sqlalchemy.engine.Engine [cached since 53.92s ago] ('dbdf4490-5402-4188-8bf5-20183b4a28a1', '2026-04', 'recipe')
2026-04-27 17:55:02,224 INFO sqlalchemy.engine.Engine ROLLBACK
INFO:     127.0.0.1:56784 - "POST /api/v1/recipes/ai-candidates HTTP/1.1" 200 OK
2026-04-27 17:55:11,484 INFO sqlalchemy.engine.Engine BEGIN (implicit)
2026-04-27 17:55:11,484 INFO sqlalchemy.engine.Engine SELECT users.id, users.email, users.google_id, users.display_name, users.avatar_url, users.created_at, users.updated_at 
FROM users 
WHERE users.id = $1::UUID
2026-04-27 17:55:11,484 INFO sqlalchemy.engine.Engine [cached since 63.64s ago] ('dbdf4490-5402-4188-8bf5-20183b4a28a1',)
2026-04-27 17:55:11,535 INFO sqlalchemy.engine.Engine SELECT subscriptions.id, subscriptions.user_id, subscriptions.polar_subscription_id, subscriptions.polar_customer_id, subscriptions.status, subscriptions.plan_type, subscriptions.current_period_start, subscriptions.current_period_end, subscriptions.canceled_at, subscriptions.created_at, subscriptions.updated_at 
FROM subscriptions 
WHERE subscriptions.user_id = $1::UUID AND subscriptions.status = $2::VARCHAR AND subscriptions.plan_type = $3::VARCHAR
2026-04-27 17:55:11,535 INFO sqlalchemy.engine.Engine [cached since 63.28s ago] ('dbdf4490-5402-4188-8bf5-20183b4a28a1', 'active', 'premium')
2026-04-27 17:55:11,559 INFO sqlalchemy.engine.Engine SELECT monthly_usage.id, monthly_usage.user_id, monthly_usage.year_month, monthly_usage.feature, monthly_usage.usage_count, monthly_usage.limit_count, monthly_usage.created_at, monthly_usage.updated_at 
FROM monthly_usage 
WHERE monthly_usage.user_id = $1::UUID AND monthly_usage.year_month = $2::VARCHAR AND monthly_usage.feature = $3::VARCHAR
2026-04-27 17:55:11,566 INFO sqlalchemy.engine.Engine [cached since 63.28s ago] ('dbdf4490-5402-4188-8bf5-20183b4a28a1', '2026-04', 'analysis')
2026-04-27 17:55:11,592 INFO sqlalchemy.engine.Engine SELECT monthly_usage.id, monthly_usage.user_id, monthly_usage.year_month, monthly_usage.feature, monthly_usage.usage_count, monthly_usage.limit_count, monthly_usage.created_at, monthly_usage.updated_at 
FROM monthly_usage 
WHERE monthly_usage.user_id = $1::UUID AND monthly_usage.year_month = $2::VARCHAR AND monthly_usage.feature = $3::VARCHAR
2026-04-27 17:55:11,593 INFO sqlalchemy.engine.Engine [cached since 63.3s ago] ('dbdf4490-5402-4188-8bf5-20183b4a28a1', '2026-04', 'recipe')
2026-04-27 17:55:11,619 INFO sqlalchemy.engine.Engine SELECT refrigerators.id, refrigerators.user_id, refrigerators.name, refrigerators.created_at, refrigerators.updated_at 
FROM refrigerators 
WHERE refrigerators.user_id = $1::UUID
2026-04-27 17:55:11,620 INFO sqlalchemy.engine.Engine [cached since 53.87s ago] (UUID('dbdf4490-5402-4188-8bf5-20183b4a28a1'),)
2026-04-27 17:55:11,640 INFO sqlalchemy.engine.Engine SELECT ingredients.id, ingredients.refrigerator_id, ingredients.name, ingredients.original_name, ingredients.quantity, ingredients.unit, ingredients.expiry_date, ingredients.source, ingredients.created_at, ingredients.updated_at 
FROM ingredients 
WHERE ingredients.refrigerator_id = $1::UUID
2026-04-27 17:55:11,640 INFO sqlalchemy.engine.Engine [cached since 53.87s ago] (UUID('471907fd-cdf6-41d3-9165-e9da80478a92'),)
2026-04-27 17:55:16,223 INFO sqlalchemy.engine.Engine SELECT subscriptions.id, subscriptions.user_id, subscriptions.polar_subscription_id, subscriptions.polar_customer_id, subscriptions.status, subscriptions.plan_type, subscriptions.current_period_start, subscriptions.current_period_end, subscriptions.canceled_at, subscriptions.created_at, subscriptions.updated_at 
FROM subscriptions 
WHERE subscriptions.user_id = $1::UUID AND subscriptions.status = $2::VARCHAR AND subscriptions.plan_type = $3::VARCHAR
2026-04-27 17:55:16,223 INFO sqlalchemy.engine.Engine [cached since 67.97s ago] ('dbdf4490-5402-4188-8bf5-20183b4a28a1', 'active', 'premium')
2026-04-27 17:55:16,238 INFO sqlalchemy.engine.Engine SAVEPOINT sa_savepoint_1
2026-04-27 17:55:16,238 INFO sqlalchemy.engine.Engine [no key 0.00032s] ()
2026-04-27 17:55:16,251 INFO sqlalchemy.engine.Engine SELECT monthly_usage.id, monthly_usage.user_id, monthly_usage.year_month, monthly_usage.feature, monthly_usage.usage_count, monthly_usage.limit_count, monthly_usage.created_at, monthly_usage.updated_at 
FROM monthly_usage 
WHERE monthly_usage.user_id = $1::UUID AND monthly_usage.year_month = $2::VARCHAR AND monthly_usage.feature = $3::VARCHAR FOR UPDATE
2026-04-27 17:55:16,251 INFO sqlalchemy.engine.Engine [cached since 43.51s ago] ('dbdf4490-5402-4188-8bf5-20183b4a28a1', '2026-04', 'recipe')
2026-04-27 17:55:16,271 INFO sqlalchemy.engine.Engine UPDATE monthly_usage SET usage_count=$1::INTEGER, updated_at=$2::TIMESTAMP WITH TIME ZONE WHERE monthly_usage.id = $3::UUID
2026-04-27 17:55:16,271 INFO sqlalchemy.engine.Engine [cached since 43.49s ago] (14, datetime.datetime(2026, 4, 27, 8, 55, 16, 270629, tzinfo=datetime.timezone.utc), UUID('06b56982-4242-460a-be70-c2c9c883853a'))
2026-04-27 17:55:16,286 INFO sqlalchemy.engine.Engine RELEASE SAVEPOINT sa_savepoint_1
2026-04-27 17:55:16,286 INFO sqlalchemy.engine.Engine [no key 0.00043s] ()
2026-04-27 17:55:16,303 INFO sqlalchemy.engine.Engine COMMIT
2026-04-27 17:55:16,317 INFO sqlalchemy.engine.Engine BEGIN (implicit)
2026-04-27 17:55:16,317 INFO sqlalchemy.engine.Engine SELECT subscriptions.id, subscriptions.user_id, subscriptions.polar_subscription_id, subscriptions.polar_customer_id, subscriptions.status, subscriptions.plan_type, subscriptions.current_period_start, subscriptions.current_period_end, subscriptions.canceled_at, subscriptions.created_at, subscriptions.updated_at 
FROM subscriptions 
WHERE subscriptions.user_id = $1::UUID AND subscriptions.status = $2::VARCHAR AND subscriptions.plan_type = $3::VARCHAR
2026-04-27 17:55:16,317 INFO sqlalchemy.engine.Engine [cached since 68.07s ago] ('dbdf4490-5402-4188-8bf5-20183b4a28a1', 'active', 'premium')
2026-04-27 17:55:16,350 INFO sqlalchemy.engine.Engine SELECT monthly_usage.id, monthly_usage.user_id, monthly_usage.year_month, monthly_usage.feature, monthly_usage.usage_count, monthly_usage.limit_count, monthly_usage.created_at, monthly_usage.updated_at 
FROM monthly_usage 
WHERE monthly_usage.user_id = $1::UUID AND monthly_usage.year_month = $2::VARCHAR AND monthly_usage.feature = $3::VARCHAR
2026-04-27 17:55:16,350 INFO sqlalchemy.engine.Engine [cached since 68.07s ago] ('dbdf4490-5402-4188-8bf5-20183b4a28a1', '2026-04', 'analysis')
2026-04-27 17:55:16,375 INFO sqlalchemy.engine.Engine SELECT monthly_usage.id, monthly_usage.user_id, monthly_usage.year_month, monthly_usage.feature, monthly_usage.usage_count, monthly_usage.limit_count, monthly_usage.created_at, monthly_usage.updated_at 
FROM monthly_usage 
WHERE monthly_usage.user_id = $1::UUID AND monthly_usage.year_month = $2::VARCHAR AND monthly_usage.feature = $3::VARCHAR
2026-04-27 17:55:16,375 INFO sqlalchemy.engine.Engine [cached since 68.09s ago] ('dbdf4490-5402-4188-8bf5-20183b4a28a1', '2026-04', 'recipe')
2026-04-27 17:55:16,392 INFO sqlalchemy.engine.Engine ROLLBACK
INFO:     127.0.0.1:50460 - "POST /api/v1/recipes/ai-candidates HTTP/1.1" 200 OK
2026-04-27 17:55:29,564 INFO sqlalchemy.engine.Engine BEGIN (implicit)
2026-04-27 17:55:29,564 INFO sqlalchemy.engine.Engine SELECT users.id, users.email, users.google_id, users.display_name, users.avatar_url, users.created_at, users.updated_at 
FROM users 
WHERE users.id = $1::UUID
2026-04-27 17:55:29,564 INFO sqlalchemy.engine.Engine [cached since 81.72s ago] ('dbdf4490-5402-4188-8bf5-20183b4a28a1',)
2026-04-27 17:55:29,592 INFO sqlalchemy.engine.Engine SELECT subscriptions.id, subscriptions.user_id, subscriptions.polar_subscription_id, subscriptions.polar_customer_id, subscriptions.status, subscriptions.plan_type, subscriptions.current_period_start, subscriptions.current_period_end, subscriptions.canceled_at, subscriptions.created_at, subscriptions.updated_at 
FROM subscriptions 
WHERE subscriptions.user_id = $1::UUID AND subscriptions.status = $2::VARCHAR AND subscriptions.plan_type = $3::VARCHAR
2026-04-27 17:55:29,592 INFO sqlalchemy.engine.Engine [cached since 81.35s ago] ('dbdf4490-5402-4188-8bf5-20183b4a28a1', 'active', 'premium')
2026-04-27 17:55:29,617 INFO sqlalchemy.engine.Engine SELECT monthly_usage.id, monthly_usage.user_id, monthly_usage.year_month, monthly_usage.feature, monthly_usage.usage_count, monthly_usage.limit_count, monthly_usage.created_at, monthly_usage.updated_at 
FROM monthly_usage 
WHERE monthly_usage.user_id = $1::UUID AND monthly_usage.year_month = $2::VARCHAR AND monthly_usage.feature = $3::VARCHAR
2026-04-27 17:55:29,618 INFO sqlalchemy.engine.Engine [cached since 81.33s ago] ('dbdf4490-5402-4188-8bf5-20183b4a28a1', '2026-04', 'analysis')
2026-04-27 17:55:29,633 INFO sqlalchemy.engine.Engine SELECT monthly_usage.id, monthly_usage.user_id, monthly_usage.year_month, monthly_usage.feature, monthly_usage.usage_count, monthly_usage.limit_count, monthly_usage.created_at, monthly_usage.updated_at 
FROM monthly_usage 
WHERE monthly_usage.user_id = $1::UUID AND monthly_usage.year_month = $2::VARCHAR AND monthly_usage.feature = $3::VARCHAR
2026-04-27 17:55:29,633 INFO sqlalchemy.engine.Engine [cached since 81.34s ago] ('dbdf4490-5402-4188-8bf5-20183b4a28a1', '2026-04', 'recipe')
2026-04-27 17:55:29,643 INFO sqlalchemy.engine.Engine ROLLBACK
INFO:     127.0.0.1:62844 - "GET /api/v1/quota/status HTTP/1.1" 200 OK
2026-04-27 17:55:29,674 INFO sqlalchemy.engine.Engine BEGIN (implicit)
2026-04-27 17:55:29,674 INFO sqlalchemy.engine.Engine SELECT users.id, users.email, users.google_id, users.display_name, users.avatar_url, users.created_at, users.updated_at 
FROM users 
WHERE users.id = $1::UUID
2026-04-27 17:55:29,674 INFO sqlalchemy.engine.Engine [cached since 81.83s ago] ('dbdf4490-5402-4188-8bf5-20183b4a28a1',)
2026-04-27 17:55:29,712 INFO sqlalchemy.engine.Engine SELECT subscriptions.id, subscriptions.user_id, subscriptions.polar_subscription_id, subscriptions.polar_customer_id, subscriptions.status, subscriptions.plan_type, subscriptions.current_period_start, subscriptions.current_period_end, subscriptions.canceled_at, subscriptions.created_at, subscriptions.updated_at 
FROM subscriptions 
WHERE subscriptions.user_id = $1::UUID AND subscriptions.status = $2::VARCHAR AND subscriptions.plan_type = $3::VARCHAR
2026-04-27 17:55:29,712 INFO sqlalchemy.engine.Engine [cached since 81.46s ago] ('dbdf4490-5402-4188-8bf5-20183b4a28a1', 'active', 'premium')
2026-04-27 17:55:29,726 INFO sqlalchemy.engine.Engine SELECT monthly_usage.id, monthly_usage.user_id, monthly_usage.year_month, monthly_usage.feature, monthly_usage.usage_count, monthly_usage.limit_count, monthly_usage.created_at, monthly_usage.updated_at 
FROM monthly_usage 
WHERE monthly_usage.user_id = $1::UUID AND monthly_usage.year_month = $2::VARCHAR AND monthly_usage.feature = $3::VARCHAR
2026-04-27 17:55:29,726 INFO sqlalchemy.engine.Engine [cached since 81.44s ago] ('dbdf4490-5402-4188-8bf5-20183b4a28a1', '2026-04', 'analysis')
2026-04-27 17:55:29,744 INFO sqlalchemy.engine.Engine SELECT monthly_usage.id, monthly_usage.user_id, monthly_usage.year_month, monthly_usage.feature, monthly_usage.usage_count, monthly_usage.limit_count, monthly_usage.created_at, monthly_usage.updated_at 
FROM monthly_usage 
WHERE monthly_usage.user_id = $1::UUID AND monthly_usage.year_month = $2::VARCHAR AND monthly_usage.feature = $3::VARCHAR
2026-04-27 17:55:29,744 INFO sqlalchemy.engine.Engine [cached since 81.46s ago] ('dbdf4490-5402-4188-8bf5-20183b4a28a1', '2026-04', 'recipe')
2026-04-27 17:55:29,765 INFO sqlalchemy.engine.Engine ROLLBACK
INFO:     127.0.0.1:54843 - "GET /api/v1/quota/status HTTP/1.1" 200 OK
WARNING:  WatchFiles detected changes in 'app\webhooks\polar.py'. Reloading...
2026-04-27 17:56:58,606 INFO sqlalchemy.engine.Engine BEGIN (implicit)
2026-04-27 17:56:58,606 INFO sqlalchemy.engine.Engine SELECT users.id, users.email, users.google_id, users.display_name, users.avatar_url, users.created_at, users.updated_at 
FROM users 
WHERE users.id = $1::UUID
2026-04-27 17:56:58,606 INFO sqlalchemy.engine.Engine [cached since 170.8s ago] ('dbdf4490-5402-4188-8bf5-20183b4a28a1',)
2026-04-27 17:56:58,636 INFO sqlalchemy.engine.Engine ROLLBACK
INFO:     127.0.0.1:54230 - "GET /auth/me HTTP/1.1" 200 OK
2026-04-27 17:56:58,661 INFO sqlalchemy.engine.Engine BEGIN (implicit)
2026-04-27 17:56:58,661 INFO sqlalchemy.engine.Engine SELECT users.id, users.email, users.google_id, users.display_name, users.avatar_url, users.created_at, users.updated_at 
FROM users 
WHERE users.id = $1::UUID
2026-04-27 17:56:58,661 INFO sqlalchemy.engine.Engine [cached since 170.8s ago] ('dbdf4490-5402-4188-8bf5-20183b4a28a1',)
2026-04-27 17:56:58,700 INFO sqlalchemy.engine.Engine ROLLBACK
INFO:     127.0.0.1:54230 - "GET /auth/me HTTP/1.1" 200 OK
2026-04-27 17:56:58,723 INFO sqlalchemy.engine.Engine BEGIN (implicit)
2026-04-27 17:56:58,723 INFO sqlalchemy.engine.Engine SELECT users.id, users.email, users.google_id, users.display_name, users.avatar_url, users.created_at, users.updated_at 
FROM users 
WHERE users.id = $1::UUID
2026-04-27 17:56:58,723 INFO sqlalchemy.engine.Engine [cached since 170.9s ago] ('dbdf4490-5402-4188-8bf5-20183b4a28a1',)
2026-04-27 17:56:58,751 INFO sqlalchemy.engine.Engine SELECT subscriptions.id, subscriptions.user_id, subscriptions.polar_subscription_id, subscriptions.polar_customer_id, subscriptions.status, subscriptions.plan_type, subscriptions.current_period_start, subscriptions.current_period_end, subscriptions.canceled_at, subscriptions.created_at, subscriptions.updated_at 
FROM subscriptions 
WHERE subscriptions.user_id = $1::UUID AND subscriptions.status = $2::VARCHAR AND subscriptions.plan_type = $3::VARCHAR
2026-04-27 17:56:58,752 INFO sqlalchemy.engine.Engine [cached since 170.5s ago] ('dbdf4490-5402-4188-8bf5-20183b4a28a1', 'active', 'premium')
2026-04-27 17:56:58,761 INFO sqlalchemy.engine.Engine SELECT monthly_usage.id, monthly_usage.user_id, monthly_usage.year_month, monthly_usage.feature, monthly_usage.usage_count, monthly_usage.limit_count, monthly_usage.created_at, monthly_usage.updated_at 
FROM monthly_usage 
WHERE monthly_usage.user_id = $1::UUID AND monthly_usage.year_month = $2::VARCHAR AND monthly_usage.feature = $3::VARCHAR
2026-04-27 17:56:58,761 INFO sqlalchemy.engine.Engine [cached since 170.5s ago] ('dbdf4490-5402-4188-8bf5-20183b4a28a1', '2026-04', 'analysis')
2026-04-27 17:56:58,776 INFO sqlalchemy.engine.Engine SELECT monthly_usage.id, monthly_usage.user_id, monthly_usage.year_month, monthly_usage.feature, monthly_usage.usage_count, monthly_usage.limit_count, monthly_usage.created_at, monthly_usage.updated_at 
FROM monthly_usage 
WHERE monthly_usage.user_id = $1::UUID AND monthly_usage.year_month = $2::VARCHAR AND monthly_usage.feature = $3::VARCHAR
2026-04-27 17:56:58,776 INFO sqlalchemy.engine.Engine [cached since 170.5s ago] ('dbdf4490-5402-4188-8bf5-20183b4a28a1', '2026-04', 'recipe')
2026-04-27 17:56:58,795 INFO sqlalchemy.engine.Engine ROLLBACK
INFO:     127.0.0.1:54230 - "GET /api/v1/quota/status HTTP/1.1" 200 OK
2026-04-27 17:56:58,811 INFO sqlalchemy.engine.Engine BEGIN (implicit)
2026-04-27 17:56:58,811 INFO sqlalchemy.engine.Engine SELECT users.id, users.email, users.google_id, users.display_name, users.avatar_url, users.created_at, users.updated_at 
FROM users 
WHERE users.id = $1::UUID
2026-04-27 17:56:58,811 INFO sqlalchemy.engine.Engine [cached since 171s ago] ('dbdf4490-5402-4188-8bf5-20183b4a28a1',)
2026-04-27 17:56:58,846 INFO sqlalchemy.engine.Engine SELECT subscriptions.id, subscriptions.user_id, subscriptions.polar_subscription_id, subscriptions.polar_customer_id, subscriptions.status, subscriptions.plan_type, subscriptions.current_period_start, subscriptions.current_period_end, subscriptions.canceled_at, subscriptions.created_at, subscriptions.updated_at 
FROM subscriptions 
WHERE subscriptions.user_id = $1::UUID AND subscriptions.status = $2::VARCHAR AND subscriptions.plan_type = $3::VARCHAR
2026-04-27 17:56:58,846 INFO sqlalchemy.engine.Engine [cached since 170.6s ago] ('dbdf4490-5402-4188-8bf5-20183b4a28a1', 'active', 'premium')
2026-04-27 17:56:58,863 INFO sqlalchemy.engine.Engine SELECT monthly_usage.id, monthly_usage.user_id, monthly_usage.year_month, monthly_usage.feature, monthly_usage.usage_count, monthly_usage.limit_count, monthly_usage.created_at, monthly_usage.updated_at 
FROM monthly_usage 
WHERE monthly_usage.user_id = $1::UUID AND monthly_usage.year_month = $2::VARCHAR AND monthly_usage.feature = $3::VARCHAR
2026-04-27 17:56:58,863 INFO sqlalchemy.engine.Engine [cached since 170.6s ago] ('dbdf4490-5402-4188-8bf5-20183b4a28a1', '2026-04', 'analysis')
2026-04-27 17:56:58,876 INFO sqlalchemy.engine.Engine SELECT monthly_usage.id, monthly_usage.user_id, monthly_usage.year_month, monthly_usage.feature, monthly_usage.usage_count, monthly_usage.limit_count, monthly_usage.created_at, monthly_usage.updated_at 
FROM monthly_usage 
WHERE monthly_usage.user_id = $1::UUID AND monthly_usage.year_month = $2::VARCHAR AND monthly_usage.feature = $3::VARCHAR
2026-04-27 17:56:58,876 INFO sqlalchemy.engine.Engine [cached since 170.6s ago] ('dbdf4490-5402-4188-8bf5-20183b4a28a1', '2026-04', 'recipe')
2026-04-27 17:56:58,893 INFO sqlalchemy.engine.Engine ROLLBACK
INFO:     127.0.0.1:54230 - "GET /api/v1/quota/status HTTP/1.1" 200 OK
2026-04-27 17:56:59,902 INFO sqlalchemy.engine.Engine BEGIN (implicit)
2026-04-27 17:56:59,902 INFO sqlalchemy.engine.Engine SELECT users.id, users.email, users.google_id, users.display_name, users.avatar_url, users.created_at, users.updated_at 
FROM users 
WHERE users.id = $1::UUID
2026-04-27 17:56:59,902 INFO sqlalchemy.engine.Engine [cached since 172.1s ago] ('dbdf4490-5402-4188-8bf5-20183b4a28a1',)
2026-04-27 17:56:59,927 INFO sqlalchemy.engine.Engine ROLLBACK
INFO:     127.0.0.1:54230 - "GET /auth/me HTTP/1.1" 200 OK
2026-04-27 17:56:59,983 INFO sqlalchemy.engine.Engine BEGIN (implicit)
2026-04-27 17:56:59,991 INFO sqlalchemy.engine.Engine SELECT users.id, users.email, users.google_id, users.display_name, users.avatar_url, users.created_at, users.updated_at 
FROM users 
WHERE users.id = $1::UUID
2026-04-27 17:56:59,991 INFO sqlalchemy.engine.Engine [cached since 172.1s ago] ('dbdf4490-5402-4188-8bf5-20183b4a28a1',)
2026-04-27 17:57:00,015 INFO sqlalchemy.engine.Engine BEGIN (implicit)
2026-04-27 17:57:00,059 INFO sqlalchemy.engine.Engine SELECT users.id, users.email, users.google_id, users.display_name, users.avatar_url, users.created_at, users.updated_at 
FROM users 
WHERE users.id = $1::UUID
2026-04-27 17:57:00,060 INFO sqlalchemy.engine.Engine [cached since 172.2s ago] ('dbdf4490-5402-4188-8bf5-20183b4a28a1',)
2026-04-27 17:57:00,089 INFO sqlalchemy.engine.Engine ROLLBACK
2026-04-27 17:57:00,115 INFO sqlalchemy.engine.Engine SELECT subscriptions.id, subscriptions.user_id, subscriptions.polar_subscription_id, subscriptions.polar_customer_id, subscriptions.status, subscriptions.plan_type, subscriptions.current_period_start, subscriptions.current_period_end, subscriptions.canceled_at, subscriptions.created_at, subscriptions.updated_at 
FROM subscriptions 
WHERE subscriptions.user_id = $1::UUID AND subscriptions.status = $2::VARCHAR AND subscriptions.plan_type = $3::VARCHAR
2026-04-27 17:57:00,115 INFO sqlalchemy.engine.Engine [cached since 171.9s ago] ('dbdf4490-5402-4188-8bf5-20183b4a28a1', 'active', 'premium')
INFO:     127.0.0.1:54230 - "GET /auth/me HTTP/1.1" 200 OK
2026-04-27 17:57:00,134 INFO sqlalchemy.engine.Engine SELECT monthly_usage.id, monthly_usage.user_id, monthly_usage.year_month, monthly_usage.feature, monthly_usage.usage_count, monthly_usage.limit_count, monthly_usage.created_at, monthly_usage.updated_at 
FROM monthly_usage 
WHERE monthly_usage.user_id = $1::UUID AND monthly_usage.year_month = $2::VARCHAR AND monthly_usage.feature = $3::VARCHAR
2026-04-27 17:57:00,134 INFO sqlalchemy.engine.Engine [cached since 171.8s ago] ('dbdf4490-5402-4188-8bf5-20183b4a28a1', '2026-04', 'analysis')
2026-04-27 17:57:00,150 INFO sqlalchemy.engine.Engine SELECT monthly_usage.id, monthly_usage.user_id, monthly_usage.year_month, monthly_usage.feature, monthly_usage.usage_count, monthly_usage.limit_count, monthly_usage.created_at, monthly_usage.updated_at 
FROM monthly_usage 
WHERE monthly_usage.user_id = $1::UUID AND monthly_usage.year_month = $2::VARCHAR AND monthly_usage.feature = $3::VARCHAR
2026-04-27 17:57:00,150 INFO sqlalchemy.engine.Engine [cached since 171.9s ago] ('dbdf4490-5402-4188-8bf5-20183b4a28a1', '2026-04', 'recipe')
2026-04-27 17:57:00,170 INFO sqlalchemy.engine.Engine ROLLBACK
INFO:     127.0.0.1:64075 - "GET /api/v1/quota/status HTTP/1.1" 200 OK
2026-04-27 17:57:00,182 INFO sqlalchemy.engine.Engine BEGIN (implicit)
2026-04-27 17:57:00,190 INFO sqlalchemy.engine.Engine SELECT users.id, users.email, users.google_id, users.display_name, users.avatar_url, users.created_at, users.updated_at 
FROM users 
WHERE users.id = $1::UUID
2026-04-27 17:57:00,190 INFO sqlalchemy.engine.Engine [cached since 172.4s ago] ('dbdf4490-5402-4188-8bf5-20183b4a28a1',)
2026-04-27 17:57:00,228 INFO sqlalchemy.engine.Engine SELECT subscriptions.id, subscriptions.user_id, subscriptions.polar_subscription_id, subscriptions.polar_customer_id, subscriptions.status, subscriptions.plan_type, subscriptions.current_period_start, subscriptions.current_period_end, subscriptions.canceled_at, subscriptions.created_at, subscriptions.updated_at 
FROM subscriptions 
WHERE subscriptions.user_id = $1::UUID AND subscriptions.status = $2::VARCHAR AND subscriptions.plan_type = $3::VARCHAR
2026-04-27 17:57:00,228 INFO sqlalchemy.engine.Engine [cached since 172s ago] ('dbdf4490-5402-4188-8bf5-20183b4a28a1', 'active', 'premium')
2026-04-27 17:57:00,248 INFO sqlalchemy.engine.Engine SELECT monthly_usage.id, monthly_usage.user_id, monthly_usage.year_month, monthly_usage.feature, monthly_usage.usage_count, monthly_usage.limit_count, monthly_usage.created_at, monthly_usage.updated_at 
FROM monthly_usage 
WHERE monthly_usage.user_id = $1::UUID AND monthly_usage.year_month = $2::VARCHAR AND monthly_usage.feature = $3::VARCHAR
2026-04-27 17:57:00,248 INFO sqlalchemy.engine.Engine [cached since 172s ago] ('dbdf4490-5402-4188-8bf5-20183b4a28a1', '2026-04', 'analysis')
2026-04-27 17:57:00,266 INFO sqlalchemy.engine.Engine SELECT monthly_usage.id, monthly_usage.user_id, monthly_usage.year_month, monthly_usage.feature, monthly_usage.usage_count, monthly_usage.limit_count, monthly_usage.created_at, monthly_usage.updated_at 
FROM monthly_usage 
WHERE monthly_usage.user_id = $1::UUID AND monthly_usage.year_month = $2::VARCHAR AND monthly_usage.feature = $3::VARCHAR
2026-04-27 17:57:00,266 INFO sqlalchemy.engine.Engine [cached since 172s ago] ('dbdf4490-5402-4188-8bf5-20183b4a28a1', '2026-04', 'recipe')
2026-04-27 17:57:00,282 INFO sqlalchemy.engine.Engine ROLLBACK
INFO:     127.0.0.1:64075 - "GET /api/v1/quota/status HTTP/1.1" 200 OK
2026-04-27 17:57:01,150 INFO sqlalchemy.engine.Engine BEGIN (implicit)
2026-04-27 17:57:01,150 INFO sqlalchemy.engine.Engine SELECT users.id, users.email, users.google_id, users.display_name, users.avatar_url, users.created_at, users.updated_at 
FROM users 
WHERE users.id = $1::UUID
2026-04-27 17:57:01,150 INFO sqlalchemy.engine.Engine [cached since 173.3s ago] ('dbdf4490-5402-4188-8bf5-20183b4a28a1',)
2026-04-27 17:57:01,181 INFO sqlalchemy.engine.Engine UPDATE refresh_tokens SET revoked=$1::BOOLEAN WHERE refresh_tokens.user_id = $2::UUID
2026-04-27 17:57:01,181 INFO sqlalchemy.engine.Engine [generated in 0.00071s] (True, UUID('dbdf4490-5402-4188-8bf5-20183b4a28a1'))
2026-04-27 17:57:01,210 INFO sqlalchemy.engine.Engine COMMIT
INFO:     127.0.0.1:64075 - "POST /auth/logout HTTP/1.1" 200 OK
INFO:     127.0.0.1:64075 - "GET /auth/me HTTP/1.1" 401 Unauthorized
INFO:     127.0.0.1:64075 - "GET /auth/me HTTP/1.1" 401 Unauthorized
INFO:     127.0.0.1:64075 - "GET /auth/me HTTP/1.1" 401 Unauthorized
INFO:     127.0.0.1:64075 - "GET /auth/me HTTP/1.1" 401 Unauthorized
INFO:     127.0.0.1:64518 - "GET /auth/google/login HTTP/1.1" 200 OK
2026-04-27 17:57:19,266 INFO sqlalchemy.engine.Engine BEGIN (implicit)
2026-04-27 17:57:19,269 INFO sqlalchemy.engine.Engine SELECT users.id, users.email, users.google_id, users.display_name, users.avatar_url, users.created_at, users.updated_at 
FROM users 
WHERE users.google_id = $1::VARCHAR
2026-04-27 17:57:19,269 INFO sqlalchemy.engine.Engine [cached since 192.1s ago] ('108368345226664208647',)
2026-04-27 17:57:19,464 INFO sqlalchemy.engine.Engine INSERT INTO refresh_tokens (id, user_id, token_hash, expires_at, created_at, revoked) VALUES ($1::UUID, $2::UUID, $3::VARCHAR, $4::TIMESTAMP WITH TIME ZONE, $5::TIMESTAMP WITH TIME ZONE, $6::BOOLEAN)
2026-04-27 17:57:19,464 INFO sqlalchemy.engine.Engine [cached since 192s ago] (UUID('52aaf05d-48b1-4571-9d27-dd4cc7f77889'), UUID('dbdf4490-5402-4188-8bf5-20183b4a28a1'), 'e6e1771fbc6f8cdb30429a4d35d8f129d2964a12915d0b319056b1ae11b706ba', datetime.datetime(2026, 5, 27, 8, 57, 19, 463067, tzinfo=datetime.timezone.utc), datetime.datetime(2026, 4, 27, 8, 57, 19, 464332, tzinfo=datetime.timezone.utc), False)
2026-04-27 17:57:19,498 INFO sqlalchemy.engine.Engine COMMIT
INFO:     127.0.0.1:64518 - "GET /auth/google/callback?iss=https%3A%2F%2Faccounts.google.com&code=4%2F0AeoWuM9XkhSo6UyMQexxi6BUlj0-P0pCe9Z4KAwUR5VpilVyM8akz07KI3yDZtNDrWQ3nA&scope=email+profile+https%3A%2F%2Fwww.googleapis.com%2Fauth%2Fuserinfo.email+openid+https%3A%2F%2Fwww.googleapis.com%2Fauth%2Fuserinfo.profile&authuser=0&prompt=none HTTP/1.1" 302 Found
2026-04-27 17:57:19,838 INFO sqlalchemy.engine.Engine BEGIN (implicit)
2026-04-27 17:57:19,838 INFO sqlalchemy.engine.Engine SELECT users.id, users.email, users.google_id, users.display_name, users.avatar_url, users.created_at, users.updated_at 
FROM users 
WHERE users.id = $1::UUID
2026-04-27 17:57:19,838 INFO sqlalchemy.engine.Engine [cached since 192s ago] ('dbdf4490-5402-4188-8bf5-20183b4a28a1',)
2026-04-27 17:57:19,863 INFO sqlalchemy.engine.Engine ROLLBACK
INFO:     127.0.0.1:64518 - "GET /auth/me HTTP/1.1" 200 OK
2026-04-27 17:57:19,879 INFO sqlalchemy.engine.Engine BEGIN (implicit)
2026-04-27 17:57:19,879 INFO sqlalchemy.engine.Engine SELECT users.id, users.email, users.google_id, users.display_name, users.avatar_url, users.created_at, users.updated_at 
FROM users 
WHERE users.id = $1::UUID
2026-04-27 17:57:19,879 INFO sqlalchemy.engine.Engine [cached since 192s ago] ('dbdf4490-5402-4188-8bf5-20183b4a28a1',)
2026-04-27 17:57:19,918 INFO sqlalchemy.engine.Engine ROLLBACK
INFO:     127.0.0.1:64518 - "GET /auth/me HTTP/1.1" 200 OK
2026-04-27 17:57:19,947 INFO sqlalchemy.engine.Engine BEGIN (implicit)
2026-04-27 17:57:19,951 INFO sqlalchemy.engine.Engine SELECT users.id, users.email, users.google_id, users.display_name, users.avatar_url, users.created_at, users.updated_at 
FROM users 
WHERE users.id = $1::UUID
2026-04-27 17:57:19,951 INFO sqlalchemy.engine.Engine [cached since 192.1s ago] ('dbdf4490-5402-4188-8bf5-20183b4a28a1',)
2026-04-27 17:57:20,003 INFO sqlalchemy.engine.Engine SELECT subscriptions.id, subscriptions.user_id, subscriptions.polar_subscription_id, subscriptions.polar_customer_id, subscriptions.status, subscriptions.plan_type, subscriptions.current_period_start, subscriptions.current_period_end, subscriptions.canceled_at, subscriptions.created_at, subscriptions.updated_at 
FROM subscriptions 
WHERE subscriptions.user_id = $1::UUID AND subscriptions.status = $2::VARCHAR AND subscriptions.plan_type = $3::VARCHAR
2026-04-27 17:57:20,003 INFO sqlalchemy.engine.Engine [cached since 191.8s ago] ('dbdf4490-5402-4188-8bf5-20183b4a28a1', 'active', 'premium')
2026-04-27 17:57:20,019 INFO sqlalchemy.engine.Engine SELECT monthly_usage.id, monthly_usage.user_id, monthly_usage.year_month, monthly_usage.feature, monthly_usage.usage_count, monthly_usage.limit_count, monthly_usage.created_at, monthly_usage.updated_at 
FROM monthly_usage 
WHERE monthly_usage.user_id = $1::UUID AND monthly_usage.year_month = $2::VARCHAR AND monthly_usage.feature = $3::VARCHAR
2026-04-27 17:57:20,019 INFO sqlalchemy.engine.Engine [cached since 191.7s ago] ('dbdf4490-5402-4188-8bf5-20183b4a28a1', '2026-04', 'analysis')
2026-04-27 17:57:20,032 INFO sqlalchemy.engine.Engine SELECT monthly_usage.id, monthly_usage.user_id, monthly_usage.year_month, monthly_usage.feature, monthly_usage.usage_count, monthly_usage.limit_count, monthly_usage.created_at, monthly_usage.updated_at 
FROM monthly_usage 
WHERE monthly_usage.user_id = $1::UUID AND monthly_usage.year_month = $2::VARCHAR AND monthly_usage.feature = $3::VARCHAR
2026-04-27 17:57:20,032 INFO sqlalchemy.engine.Engine [cached since 191.7s ago] ('dbdf4490-5402-4188-8bf5-20183b4a28a1', '2026-04', 'recipe')
2026-04-27 17:57:20,054 INFO sqlalchemy.engine.Engine ROLLBACK
INFO:     127.0.0.1:64518 - "GET /api/v1/quota/status HTTP/1.1" 200 OK
2026-04-27 17:57:20,086 INFO sqlalchemy.engine.Engine BEGIN (implicit)
2026-04-27 17:57:20,097 INFO sqlalchemy.engine.Engine SELECT users.id, users.email, users.google_id, users.display_name, users.avatar_url, users.created_at, users.updated_at 
FROM users 
WHERE users.id = $1::UUID
2026-04-27 17:57:20,097 INFO sqlalchemy.engine.Engine [cached since 192.3s ago] ('dbdf4490-5402-4188-8bf5-20183b4a28a1',)
2026-04-27 17:57:20,135 INFO sqlalchemy.engine.Engine SELECT subscriptions.id, subscriptions.user_id, subscriptions.polar_subscription_id, subscriptions.polar_customer_id, subscriptions.status, subscriptions.plan_type, subscriptions.current_period_start, subscriptions.current_period_end, subscriptions.canceled_at, subscriptions.created_at, subscriptions.updated_at 
FROM subscriptions 
WHERE subscriptions.user_id = $1::UUID AND subscriptions.status = $2::VARCHAR AND subscriptions.plan_type = $3::VARCHAR
2026-04-27 17:57:20,135 INFO sqlalchemy.engine.Engine [cached since 191.9s ago] ('dbdf4490-5402-4188-8bf5-20183b4a28a1', 'active', 'premium')
2026-04-27 17:57:20,149 INFO sqlalchemy.engine.Engine SELECT monthly_usage.id, monthly_usage.user_id, monthly_usage.year_month, monthly_usage.feature, monthly_usage.usage_count, monthly_usage.limit_count, monthly_usage.created_at, monthly_usage.updated_at 
FROM monthly_usage 
WHERE monthly_usage.user_id = $1::UUID AND monthly_usage.year_month = $2::VARCHAR AND monthly_usage.feature = $3::VARCHAR
2026-04-27 17:57:20,149 INFO sqlalchemy.engine.Engine [cached since 191.9s ago] ('dbdf4490-5402-4188-8bf5-20183b4a28a1', '2026-04', 'analysis')
2026-04-27 17:57:20,167 INFO sqlalchemy.engine.Engine SELECT monthly_usage.id, monthly_usage.user_id, monthly_usage.year_month, monthly_usage.feature, monthly_usage.usage_count, monthly_usage.limit_count, monthly_usage.created_at, monthly_usage.updated_at 
FROM monthly_usage 
WHERE monthly_usage.user_id = $1::UUID AND monthly_usage.year_month = $2::VARCHAR AND monthly_usage.feature = $3::VARCHAR
2026-04-27 17:57:20,167 INFO sqlalchemy.engine.Engine [cached since 191.9s ago] ('dbdf4490-5402-4188-8bf5-20183b4a28a1', '2026-04', 'recipe')
2026-04-27 17:57:20,176 INFO sqlalchemy.engine.Engine ROLLBACK
INFO:     127.0.0.1:64518 - "GET /api/v1/quota/status HTTP/1.1" 200 OK
